[16:14:08.494][INFO][CraftTweaker-EarlyInit]: CraftTweaker is running on a Minecraft 1.20.1 production server modded with platform Forge
[16:14:08.528][INFO][CraftTweaker-EarlyInit]: Successfully injected RecipeFS file system
[16:14:08.589][INFO][CraftTweaker-Plugins]: Successfully identified and loaded plugin jeitweaker:common
[16:14:08.620][INFO][CraftTweaker-Plugins]: Successfully identified and loaded plugin crafttweaker:builtin
[16:14:08.623][INFO][CraftTweaker-Plugins]: Successfully identified and loaded plugin crafttweaker:builtin_forge
[16:14:08.630][INFO][CraftTweaker-Plugins]: Successfully identified and loaded plugin farmersdelight:crafttweaker_plugin
[16:14:08.633][INFO][CraftTweaker-Plugins]: Successfully identified and loaded plugin refurbished_furniture:plugin
[16:14:08.643][INFO][CraftTweaker-Plugins]: Successfully identified and loaded plugin mekanism:crt_plugin
[16:14:08.686][INFO][JEITweaker]: Identified JeiTweaker plugin 'jeitweaker:forge': loading scheduled
[16:14:08.688][INFO][JEITweaker]: Identified JeiTweaker plugin 'jeitweaker:common': loading scheduled
[16:14:08.698][INFO][JEITweaker]: Identified JeiTweaker plugin 'mekanism:crt_jei': loading scheduled
[16:14:08.712][INFO][JEITweaker]: JEITweaker Environmental Check: the combination of mods [jei] is fully supported
[16:14:08.713][INFO][JEITweaker]: Running JeiTweaker plugin initialization
[16:14:09.080][INFO][JEITweaker]: JeiTweaker plugin initialization completed successfully
[16:14:11.461][INFO][CraftTweaker]: The following mods have explicit CraftTweaker support through the default plugin:
[16:14:11.464][INFO][CraftTweaker]: - 'aquaculture' at version '2.5.2'
[16:14:11.464][INFO][CraftTweaker]: - 'crafttweaker' at version '14.0.43'
[16:14:11.465][INFO][CraftTweaker]: - 'cyclic' at version '1.12.12'
[16:14:11.465][INFO][CraftTweaker]: - 'exnihilosequentia' at version '5.0.0'
[16:14:11.466][INFO][CraftTweaker]: - 'farmersdelight' at version '1.20.1-1.2.4'
[16:14:11.466][INFO][CraftTweaker]: - 'gateways' at version '4.2.6'
[16:14:11.468][INFO][CraftTweaker]: - 'jeitweaker' at version '8.0.6'
[16:14:11.469][INFO][CraftTweaker]: - 'mekanism' at version '10.4.9'
[16:14:11.469][INFO][CraftTweaker]: - 'refurbished_furniture' at version '1.0.6'
[16:14:26.802][INFO][CraftTweaker-ZenCode]: Started loading scripts for loader 'mekanismcontent'
[16:14:27.312][INFO][CraftTweaker-ZenCode]: Compiling and executing scripts
[16:14:28.320][INFO][CraftTweaker-ZenCode]: Successfully initialized modules [mods, crafttweaker, expansions]
[16:14:28.470][INFO][CraftTweaker-ZenCode]: Execution for loader 'mekanismcontent' completed successfully
[16:14:28.470][INFO][Mekanism]: Registering 0 custom gases.
[16:14:28.479][INFO][Mekanism]: Registering 0 custom infuse types.
[16:14:28.501][INFO][Mekanism]: Registering 0 custom pigments.
[16:14:28.516][INFO][Mekanism]: Registering 0 custom slurries.
[16:14:30.700][INFO][CraftTweaker-ZenCode]: Started loading scripts for loader 'initialize'
[16:14:30.754][INFO][CraftTweaker-ZenCode]: Compiling and executing scripts
[16:14:30.755][INFO][CraftTweaker-ZenCode]: Successfully initialized modules [crafttweaker, expansions]
[16:14:30.773][INFO][CraftTweaker-ZenCode]: Execution for loader 'initialize' completed successfully
[16:15:11.789][INFO][CraftTweaker-ZenCode]: Started loading scripts for loader 'tags'
[16:15:11.814][INFO][CraftTweaker-ZenCode]: Compiling and executing scripts
[16:15:11.818][INFO][CraftTweaker-ZenCode]: Successfully initialized modules [crafttweaker, expansions]
[16:15:11.828][INFO][CraftTweaker-ZenCode]: Execution for loader 'tags' completed successfully
[16:15:21.051][INFO][CraftTweaker]: crafttweaker.reload.start
[16:15:21.067][INFO][CraftTweaker-ZenCode]: Started loading scripts for loader 'crafttweaker'
[16:15:21.088][INFO][CraftTweaker-ZenCode]: Compiling and executing scripts
[16:15:21.277][INFO][CraftTweaker-ZenCode]: Successfully initialized modules [mods, crafttweaker, expansions]
[16:15:21.316][INFO][CraftTweaker-ZenCode]: Execution for loader 'crafttweaker' completed successfully
[16:15:21.319][INFO][CraftTweaker]: crafttweaker.reload.complete
